0 info it worked if it ends with ok
1 verbose cli [ 'C:\\bin\\nodejs\\node.exe',
1 verbose cli   'C:\\bin\\nodejs\\node_modules\\npm\\bin\\npm-cli.js',
1 verbose cli   'publish' ]
2 info using npm@3.10.10
3 info using node@v6.12.2
4 verbose publish [ '.' ]
5 silly cache add args [ '.', null ]
6 verbose cache add spec .
7 silly cache add parsed spec Result {
7 silly cache add   raw: '.',
7 silly cache add   scope: null,
7 silly cache add   escapedName: null,
7 silly cache add   name: null,
7 silly cache add   rawSpec: '.',
7 silly cache add   spec: 'C:\\dev\\BetterThanGreat\\api-framework',
7 silly cache add   type: 'directory' }
8 verbose addLocalDirectory C:\Users\Jordan\AppData\Roaming\npm-cache\@jordanforeman\api-framework\1.0.0\package.tgz not in flight; packing
9 verbose correctMkdir C:\Users\Jordan\AppData\Roaming\npm-cache correctMkdir not in flight; initializing
10 info lifecycle @jordanforeman/api-framework@1.0.0~prepublish: @jordanforeman/api-framework@1.0.0
11 silly lifecycle @jordanforeman/api-framework@1.0.0~prepublish: no script for prepublish, continuing
12 verbose tar pack [ 'C:\\Users\\Jordan\\AppData\\Roaming\\npm-cache\\@jordanforeman\\api-framework\\1.0.0\\package.tgz',
12 verbose tar pack   'C:\\dev\\BetterThanGreat\\api-framework' ]
13 verbose tarball C:\Users\Jordan\AppData\Roaming\npm-cache\@jordanforeman\api-framework\1.0.0\package.tgz
14 verbose folder C:\dev\BetterThanGreat\api-framework
15 verbose addLocalTarball adding from inside cache C:\Users\Jordan\AppData\Roaming\npm-cache\@jordanforeman\api-framework\1.0.0\package.tgz
16 verbose correctMkdir C:\Users\Jordan\AppData\Roaming\npm-cache correctMkdir not in flight; initializing
17 silly cache afterAdd @jordanforeman/api-framework@1.0.0
18 verbose afterAdd C:\Users\Jordan\AppData\Roaming\npm-cache\@jordanforeman\api-framework\1.0.0\package\package.json not in flight; writing
19 verbose correctMkdir C:\Users\Jordan\AppData\Roaming\npm-cache correctMkdir not in flight; initializing
20 verbose afterAdd C:\Users\Jordan\AppData\Roaming\npm-cache\@jordanforeman\api-framework\1.0.0\package\package.json written
21 silly publish { name: '@jordanforeman/api-framework',
21 silly publish   version: '1.0.0',
21 silly publish   description: 'Everything you need to start creating a NodeJS based API Server',
21 silly publish   main: 'index.js',
21 silly publish   scripts:
21 silly publish    { build: 'nodejs node_modules/.bin/babel src --out-dir lib',
21 silly publish      test: 'echo TODO' },
21 silly publish   files: [ '/lib', '/src' ],
21 silly publish   repository:
21 silly publish    { type: 'git',
21 silly publish      url: 'git+https://github.com/JordanForeman/api-framework.git' },
21 silly publish   author:
21 silly publish    { name: 'Better Than Great',
21 silly publish      email: 'thejordanforeman@gmail.com' },
21 silly publish   license: 'ISC',
21 silly publish   dependencies:
21 silly publish    { 'body-parser': '^1.18.2',
21 silly publish      config: '^1.29.0',
21 silly publish      cors: '^2.8.4',
21 silly publish      'data-modeler': '@jordanforeman/data-modeler',
21 silly publish      express: '^4.16.2',
21 silly publish      helmet: '^3.9.0',
21 silly publish      jsonwebtoken: '^8.1.0',
21 silly publish      morgan: '^1.9.0',
21 silly publish      multer: '1.3.0',
21 silly publish      winston: '^2.4.0' },
21 silly publish   devDependencies:
21 silly publish    { 'babel-cli': '^6.26.0',
21 silly publish      'babel-plugin-transform-regenerator': '^6.24.1',
21 silly publish      'babel-plugin-transform-runtime': '^6.23.0',
21 silly publish      'babel-preset-env': '^1.6.1',
21 silly publish      'babel-preset-stage-3': '^6.24.1' },
21 silly publish   readme: '# api-framework\n\nEverything you need to start creating a NodeJS based API Server. Handles common tasks such as:\n\n* Authentication\n* Error handling\n* Server configuration\n\n## Installation\n\n```bash\n$ npm i --save api-framework\n```\n\n## Usage\n\n```js\nimport { start } from \'api-framework\';\nimport controllers from \'./controllers\';\n\nconst config = {\n    port: 8080\n};\n\nstart(controllers, config);\n```\n\n## Controller Syntax\n\nThis module is an opinionated wrapper around the Express framework, however controller syntax is heavily inspired by HapiJS. The `controllers` parameter passed to the `start` method is an array of objects with the following structure:\n\nProperty | Description\n------------- | -------------\npath | The API route/path\nmethod | the standard HTTP method to use (maps to [Express router methods](https://expressjs.com/en/4x/api.html#router.METHOD))\nconfig.middleware | `TODO` document this\nconfig.handler | A single Express method callback with signature `(request, response, next)`\nconfig.auth | (optional) the key of the authentication strategy to use for this controller\n\n```js\nimport { strategies } from \'api-framework\';\n\nexport const myController = {\n    path: \'/\',\n    method: \'GET\',\n    config: {\n        auth: strategies.JWT,\n        handler: getRoot\n    }\n};\n```\n\n### Authentication Strategies\n\nAuthentication strategies are predefined Express middleware that handle authentication requirements for a given API route controller. Simply add: `auth: <strategy>` to your controller\'s `config`, and `api-framework` will handle the rest.\n\n### Available Strategies\n\nName | Description\n------------- | -------------\nJWT | Reads \'x-access-token\' from the request headers and verifies against the app secret defined in `config`. Immediately returns a 403 if token is invalid\n\n### Default Middleware\n\n`TODO:` document this\n\n## Helpful Links\n\n* [Express Request](https://expressjs.com/en/4x/api.html#req)\n* [Express Response](https://expressjs.com/en/4x/api.html#res)',
21 silly publish   readmeFilename: 'README.md',
21 silly publish   gitHead: '2202ed8eb59349e73a2a09b5f3d55445c6ee9594',
21 silly publish   bugs: { url: 'https://github.com/JordanForeman/api-framework/issues' },
21 silly publish   homepage: 'https://github.com/JordanForeman/api-framework#readme',
21 silly publish   _id: '@jordanforeman/api-framework@1.0.0',
21 silly publish   _shasum: '74d2bf8883c009ab78e7860a12b532012c8d56ad',
21 silly publish   _from: '.' }
22 verbose getPublishConfig undefined
23 silly mapToRegistry name @jordanforeman/api-framework
24 silly mapToRegistry scope (from package name) @jordanforeman
25 verbose mapToRegistry no registry URL found in name for scope @jordanforeman
26 silly mapToRegistry using default registry
27 silly mapToRegistry registry https://registry.npmjs.org/
28 silly mapToRegistry data Result {
28 silly mapToRegistry   raw: '@jordanforeman/api-framework',
28 silly mapToRegistry   scope: '@jordanforeman',
28 silly mapToRegistry   escapedName: '@jordanforeman%2fapi-framework',
28 silly mapToRegistry   name: '@jordanforeman/api-framework',
28 silly mapToRegistry   rawSpec: '',
28 silly mapToRegistry   spec: 'latest',
28 silly mapToRegistry   type: 'tag' }
29 silly mapToRegistry uri https://registry.npmjs.org/@jordanforeman%2fapi-framework
30 verbose publish registryBase https://registry.npmjs.org/
31 silly publish uploading C:\Users\Jordan\AppData\Roaming\npm-cache\@jordanforeman\api-framework\1.0.0\package.tgz
32 verbose request uri https://registry.npmjs.org/@jordanforeman%2fapi-framework
33 verbose request sending authorization for write operation
34 info attempt registry request try #1 at 8:34:02 PM
35 verbose request using bearer token for auth
36 verbose request id 017cc40cd3f10d62
37 http request PUT https://registry.npmjs.org/@jordanforeman%2fapi-framework
38 http 403 https://registry.npmjs.org/@jordanforeman%2fapi-framework
39 verbose headers { 'content-type': 'application/json',
39 verbose headers   'cache-control': 'max-age=0',
39 verbose headers   'content-length': '91',
39 verbose headers   'accept-ranges': 'bytes',
39 verbose headers   date: 'Mon, 08 Jan 2018 02:34:02 GMT',
39 verbose headers   via: '1.1 varnish',
39 verbose headers   connection: 'keep-alive',
39 verbose headers   'x-served-by': 'cache-mdw17348-MDW',
39 verbose headers   'x-cache': 'MISS',
39 verbose headers   'x-cache-hits': '0',
39 verbose headers   'x-timer': 'S1515378842.608947,VS0,VE930' }
40 verbose request invalidating C:\Users\Jordan\AppData\Roaming\npm-cache\registry.npmjs.org\_40jordanforeman_252fapi-framework on PUT
41 error publish Failed PUT 403
42 verbose stack Error: You cannot publish over the previously published version 1.0.0. : @jordanforeman/api-framework
42 verbose stack     at makeError (C:\bin\nvm\v6.12.2\node_modules\npm\node_modules\npm-registry-client\lib\request.js:302:12)
42 verbose stack     at CachingRegistryClient.<anonymous> (C:\bin\nvm\v6.12.2\node_modules\npm\node_modules\npm-registry-client\lib\request.js:290:14)
42 verbose stack     at Request._callback (C:\bin\nvm\v6.12.2\node_modules\npm\node_modules\npm-registry-client\lib\request.js:210:14)
42 verbose stack     at Request.self.callback (C:\bin\nvm\v6.12.2\node_modules\npm\node_modules\request\request.js:187:22)
42 verbose stack     at emitTwo (events.js:106:13)
42 verbose stack     at Request.emit (events.js:191:7)
42 verbose stack     at Request.<anonymous> (C:\bin\nvm\v6.12.2\node_modules\npm\node_modules\request\request.js:1048:10)
42 verbose stack     at emitOne (events.js:96:13)
42 verbose stack     at Request.emit (events.js:188:7)
42 verbose stack     at IncomingMessage.<anonymous> (C:\bin\nvm\v6.12.2\node_modules\npm\node_modules\request\request.js:969:12)
43 verbose statusCode 403
44 verbose pkgid @jordanforeman/api-framework
45 verbose cwd C:\dev\BetterThanGreat\api-framework
46 error Windows_NT 10.0.16299
47 error argv "C:\\bin\\nodejs\\node.exe" "C:\\bin\\nodejs\\node_modules\\npm\\bin\\npm-cli.js" "publish"
48 error node v6.12.2
49 error npm  v3.10.10
50 error code E403
51 error You cannot publish over the previously published version 1.0.0. : @jordanforeman/api-framework
52 error If you need help, you may report this error at:
52 error     <https://github.com/npm/npm/issues>
53 verbose exit [ 1, true ]
